Looking in indexes: https://download.pytorch.org/whl/cu124, https://pypi.ngc.nvidia.com
Collecting torch
  Downloading torch-2.6.0%2Bcu124-cp312-cp312-linux_x86_64.whl.metadata (28 kB)
Collecting filelock (from torch)
  Downloading filelock-3.29.0-py3-none-any.whl.metadata (2.0 kB)
Collecting typing-extensions>=4.10.0 (from torch)
  Downloading typing_extensions-4.15.0-py3-none-any.whl.metadata (3.3 kB)
Collecting networkx (from torch)
  Downloading networkx-3.6.1-py3-none-any.whl.metadata (6.8 kB)
Collecting jinja2 (from torch)
  Downloading jinja2-3.1.6-py3-none-any.whl.metadata (2.9 kB)
Collecting fsspec (from torch)
  Downloading fsspec-2026.4.0-py3-none-any.whl.metadata (10 kB)
Collecting nvidia-cuda-nvrtc-cu12==12.4.127 (from torch)
  Downloading nvidia_cuda_nvrtc_cu12-12.4.127-py3-none-manylinux2014_x86_64.whl (24.6 MB)
     ━━━━━━━━━━━━━━━━━━━━━━━━━━━━━━━━━━━━━━━━ 24.6/24.6 MB 251.1 MB/s  0:00:00
Collecting nvidia-cuda-runtime-cu12==12.4.127 (from torch)
  Downloading nvidia_cuda_runtime_cu12-12.4.127-py3-none-manylinux2014_x86_64.whl (883 kB)
     ━━━━━━━━━━━━━━━━━━━━━━━━━━━━━━━━━━━━━━━━ 883.7/883.7 kB 27.5 MB/s  0:00:00
Collecting nvidia-cuda-cupti-cu12==12.4.127 (from torch)
  Downloading nvidia_cuda_cupti_cu12-12.4.127-py3-none-manylinux2014_x86_64.whl (13.8 MB)
     ━━━━━━━━━━━━━━━━━━━━━━━━━━━━━━━━━━━━━━━━ 13.8/13.8 MB 226.7 MB/s  0:00:00
Collecting nvidia-cudnn-cu12==9.1.0.70 (from torch)
  Downloading nvidia_cudnn_cu12-9.1.0.70-py3-none-manylinux2014_x86_64.whl (664.8 MB)
     ━━━━━━━━━━━━━━━━━━━━━━━━━━━━━━━━━━━━━━━━ 664.8/664.8 MB 142.1 MB/s  0:00:02
Collecting nvidia-cublas-cu12==12.4.5.8 (from torch)
  Downloading nvidia_cublas_cu12-12.4.5.8-py3-none-manylinux2014_x86_64.whl (363.4 MB)
     ━━━━━━━━━━━━━━━━━━━━━━━━━━━━━━━━━━━━━━━━ 363.4/363.4 MB 222.3 MB/s  0:00:01
Collecting nvidia-cufft-cu12==11.2.1.3 (from torch)
  Downloading nvidia_cufft_cu12-11.2.1.3-py3-none-manylinux2014_x86_64.whl (211.5 MB)
     ━━━━━━━━━━━━━━━━━━━━━━━━━━━━━━━━━━━━━━━━ 211.5/211.5 MB 257.2 MB/s  0:00:00
Collecting nvidia-curand-cu12==10.3.5.147 (from torch)
  Downloading nvidia_curand_cu12-10.3.5.147-py3-none-manylinux2014_x86_64.whl (56.3 MB)
     ━━━━━━━━━━━━━━━━━━━━━━━━━━━━━━━━━━━━━━━━ 56.3/56.3 MB 141.2 MB/s  0:00:00
Collecting nvidia-cusolver-cu12==11.6.1.9 (from torch)
  Downloading nvidia_cusolver_cu12-11.6.1.9-py3-none-manylinux2014_x86_64.whl (127.9 MB)
     ━━━━━━━━━━━━━━━━━━━━━━━━━━━━━━━━━━━━━━━━ 127.9/127.9 MB 233.0 MB/s  0:00:00
Collecting nvidia-cusparse-cu12==12.3.1.170 (from torch)
  Downloading nvidia_cusparse_cu12-12.3.1.170-py3-none-manylinux2014_x86_64.whl (207.5 MB)
     ━━━━━━━━━━━━━━━━━━━━━━━━━━━━━━━━━━━━━━━━ 207.5/207.5 MB 259.4 MB/s  0:00:00
Collecting nvidia-cusparselt-cu12==0.6.2 (from torch)
  Downloading nvidia_cusparselt_cu12-0.6.2-py3-none-manylinux2014_x86_64.whl.metadata (6.8 kB)
Collecting nvidia-nccl-cu12==2.21.5 (from torch)
  Downloading nvidia_nccl_cu12-2.21.5-py3-none-manylinux2014_x86_64.whl (188.7 MB)
     ━━━━━━━━━━━━━━━━━━━━━━━━━━━━━━━━━━━━━━━━ 188.7/188.7 MB 198.2 MB/s  0:00:01
Collecting nvidia-nvtx-cu12==12.4.127 (from torch)
  Downloading nvidia_nvtx_cu12-12.4.127-py3-none-manylinux2014_x86_64.whl (99 kB)
Collecting nvidia-nvjitlink-cu12==12.4.127 (from torch)
  Downloading nvidia_nvjitlink_cu12-12.4.127-py3-none-manylinux2014_x86_64.whl (21.1 MB)
     ━━━━━━━━━━━━━━━━━━━━━━━━━━━━━━━━━━━━━━━━ 21.1/21.1 MB 183.6 MB/s  0:00:00
Collecting triton==3.2.0 (from torch)
  Downloading triton-3.2.0-cp312-cp312-manylinux_2_27_x86_64.manylinux_2_28_x86_64.whl.metadata (1.4 kB)
Collecting setuptools (from torch)
  Downloading setuptools-70.2.0-py3-none-any.whl.metadata (5.8 kB)
Collecting sympy==1.13.1 (from torch)
  Downloading sympy-1.13.1-py3-none-any.whl.metadata (12 kB)
Collecting mpmath<1.4,>=1.1.0 (from sympy==1.13.1->torch)
  Downloading mpmath-1.3.0-py3-none-any.whl.metadata (8.6 kB)
Collecting MarkupSafe>=2.0 (from jinja2->torch)
  Downloading markupsafe-3.0.3-cp312-cp312-manylinux2014_x86_64.manylinux_2_17_x86_64.manylinux_2_28_x86_64.whl.metadata (2.7 kB)
Downloading torch-2.6.0%2Bcu124-cp312-cp312-linux_x86_64.whl (768.4 MB)
   ━━━━━━━━━━━━━━━━━━━━━━━━━━━━━━━━━━━━━━━━ 768.4/768.4 MB 154.9 MB/s  0:00:02
Downloading nvidia_cusparselt_cu12-0.6.2-py3-none-manylinux2014_x86_64.whl (150.1 MB)
   ━━━━━━━━━━━━━━━━━━━━━━━━━━━━━━━━━━━━━━━━ 150.1/150.1 MB 280.5 MB/s  0:00:00
Downloading sympy-1.13.1-py3-none-any.whl (6.2 MB)
   ━━━━━━━━━━━━━━━━━━━━━━━━━━━━━━━━━━━━━━━━ 6.2/6.2 MB 128.3 MB/s  0:00:00
Downloading triton-3.2.0-cp312-cp312-manylinux_2_27_x86_64.manylinux_2_28_x86_64.whl (166.7 MB)
   ━━━━━━━━━━━━━━━━━━━━━━━━━━━━━━━━━━━━━━━━ 166.7/166.7 MB 277.6 MB/s  0:00:00
Downloading mpmath-1.3.0-py3-none-any.whl (536 kB)
   ━━━━━━━━━━━━━━━━━━━━━━━━━━━━━━━━━━━━━━━━ 536.2/536.2 kB 15.7 MB/s  0:00:00
Downloading typing_extensions-4.15.0-py3-none-any.whl (44 kB)
Downloading filelock-3.29.0-py3-none-any.whl (39 kB)
Downloading fsspec-2026.4.0-py3-none-any.whl (203 kB)
Downloading jinja2-3.1.6-py3-none-any.whl (134 kB)
Downloading markupsafe-3.0.3-cp312-cp312-manylinux2014_x86_64.manylinux_2_17_x86_64.manylinux_2_28_x86_64.whl (22 kB)
Downloading networkx-3.6.1-py3-none-any.whl (2.1 MB)
   ━━━━━━━━━━━━━━━━━━━━━━━━━━━━━━━━━━━━━━━━ 2.1/2.1 MB 75.3 MB/s  0:00:00
Downloading setuptools-70.2.0-py3-none-any.whl (930 kB)
   ━━━━━━━━━━━━━━━━━━━━━━━━━━━━━━━━━━━━━━━━ 930.8/930.8 kB 37.6 MB/s  0:00:00
Installing collected packages: triton, nvidia-cusparselt-cu12, mpmath, typing-extensions, sympy, setuptools, nvidia-nvtx-cu12, nvidia-nvjitlink-cu12, nvidia-nccl-cu12, nvidia-curand-cu12, nvidia-cufft-cu12, nvidia-cuda-runtime-cu12, nvidia-cuda-nvrtc-cu12, nvidia-cuda-cupti-cu12, nvidia-cublas-cu12, networkx, MarkupSafe, fsspec, filelock, nvidia-cusparse-cu12, nvidia-cudnn-cu12, jinja2, nvidia-cusolver-cu12, torch

Successfully installed MarkupSafe-3.0.3 filelock-3.29.0 fsspec-2026.4.0 jinja2-3.1.6 mpmath-1.3.0 networkx-3.6.1 nvidia-cublas-cu12-12.4.5.8 nvidia-cuda-cupti-cu12-12.4.127 nvidia-cuda-nvrtc-cu12-12.4.127 nvidia-cuda-runtime-cu12-12.4.127 nvidia-cudnn-cu12-9.1.0.70 nvidia-cufft-cu12-11.2.1.3 nvidia-curand-cu12-10.3.5.147 nvidia-cusolver-cu12-11.6.1.9 nvidia-cusparse-cu12-12.3.1.170 nvidia-cusparselt-cu12-0.6.2 nvidia-nccl-cu12-2.21.5 nvidia-nvjitlink-cu12-12.4.127 nvidia-nvtx-cu12-12.4.127 setuptools-70.2.0 sympy-1.13.1 torch-2.6.0+cu124 triton-3.2.0 typing-extensions-4.15.0
Looking in indexes: https://pypi.org/simple, https://pypi.ngc.nvidia.com
Collecting transformers>=4.58
  Downloading transformers-5.13.0-py3-none-any.whl.metadata (32 kB)
Collecting accelerate
  Downloading accelerate-1.14.0-py3-none-any.whl.metadata (19 kB)
Collecting soundfile
  Downloading soundfile-0.14.0-py2.py3-none-manylinux_2_28_x86_64.whl.metadata (18 kB)
Collecting librosa
  Downloading librosa-0.11.0-py3-none-any.whl.metadata (8.7 kB)
Collecting huggingface-hub<2.0,>=1.5.0 (from transformers>=4.58)
  Downloading huggingface_hub-1.22.0-py3-none-any.whl.metadata (14 kB)
Collecting numpy>=1.17 (from transformers>=4.58)
  Downloading numpy-2.5.0-cp312-cp312-manylinux_2_27_x86_64.manylinux_2_28_x86_64.whl.metadata (6.6 kB)
Collecting packaging>=20.0 (from transformers>=4.58)
  Downloading packaging-26.2-py3-none-any.whl.metadata (3.5 kB)
Collecting pyyaml>=5.1 (from transformers>=4.58)
  Downloading pyyaml-6.0.3-cp312-cp312-manylinux2014_x86_64.manylinux_2_17_x86_64.manylinux_2_28_x86_64.whl.metadata (2.4 kB)
Collecting regex>=2025.10.22 (from transformers>=4.58)
  Downloading regex-2026.6.28-cp312-cp312-manylinux2014_x86_64.manylinux_2_17_x86_64.manylinux_2_28_x86_64.whl.metadata (40 kB)
Collecting tokenizers<=0.23.0,>=0.22.0 (from transformers>=4.58)
  Downloading tokenizers-0.22.2-cp39-abi3-manylinux_2_17_x86_64.manylinux2014_x86_64.whl.metadata (7.3 kB)
Collecting typer (from transformers>=4.58)
  Downloading typer-0.26.8-py3-none-any.whl.metadata (15 kB)
Collecting safetensors>=0.8.0 (from transformers>=4.58)
  Downloading safetensors-0.8.0-cp310-abi3-manylinux_2_17_x86_64.manylinux2014_x86_64.whl.metadata (4.2 kB)
Collecting tqdm>=4.60 (from transformers>=4.58)
  Downloading tqdm-4.68.3-py3-none-any.whl.metadata (57 kB)
Collecting click<9.0.0,>=8.4.2 (from huggingface-hub<2.0,>=1.5.0->transformers>=4.58)
  Downloading click-8.4.2-py3-none-any.whl.metadata (2.6 kB)
Requirement already satisfied: filelock>=3.10.0 in ./conda_envs/af3_env/lib/python3.12/site-packages (from huggingface-hub<2.0,>=1.5.0->transformers>=4.58) (3.29.0)
Requirement already satisfied: fsspec>=2023.5.0 in ./conda_envs/af3_env/lib/python3.12/site-packages (from huggingface-hub<2.0,>=1.5.0->transformers>=4.58) (2026.4.0)
Collecting hf-xet<2.0.0,>=1.5.1 (from huggingface-hub<2.0,>=1.5.0->transformers>=4.58)
  Downloading hf_xet-1.5.1-cp37-abi3-manylinux2014_x86_64.manylinux_2_17_x86_64.whl.metadata (4.9 kB)
Collecting httpx<1,>=0.23.0 (from huggingface-hub<2.0,>=1.5.0->transformers>=4.58)
  Downloading httpx-0.28.1-py3-none-any.whl.metadata (7.1 kB)
Requirement already satisfied: typing-extensions>=4.1.0 in ./conda_envs/af3_env/lib/python3.12/site-packages (from huggingface-hub<2.0,>=1.5.0->transformers>=4.58) (4.15.0)
Collecting anyio (from httpx<1,>=0.23.0->huggingface-hub<2.0,>=1.5.0->transformers>=4.58)
  Downloading anyio-4.14.1-py3-none-any.whl.metadata (4.6 kB)
Collecting certifi (from httpx<1,>=0.23.0->huggingface-hub<2.0,>=1.5.0->transformers>=4.58)
  Downloading certifi-2026.6.17-py3-none-any.whl.metadata (2.5 kB)
Collecting httpcore==1.* (from httpx<1,>=0.23.0->huggingface-hub<2.0,>=1.5.0->transformers>=4.58)
  Downloading httpcore-1.0.9-py3-none-any.whl.metadata (21 kB)
Collecting idna (from httpx<1,>=0.23.0->huggingface-hub<2.0,>=1.5.0->transformers>=4.58)
  Downloading idna-3.18-py3-none-any.whl.metadata (6.1 kB)
Collecting h11>=0.16 (from httpcore==1.*->httpx<1,>=0.23.0->huggingface-hub<2.0,>=1.5.0->transformers>=4.58)
  Downloading h11-0.16.0-py3-none-any.whl.metadata (8.3 kB)
Collecting psutil (from accelerate)
  Downloading psutil-7.2.2-cp36-abi3-manylinux2010_x86_64.manylinux_2_12_x86_64.manylinux_2_28_x86_64.whl.metadata (22 kB)
Requirement already satisfied: torch>=2.0.0 in ./conda_envs/af3_env/lib/python3.12/site-packages (from accelerate) (2.6.0+cu124)
Collecting cffi>=1.0 (from soundfile)
  Downloading cffi-2.0.0-cp312-cp312-manylinux2014_x86_64.manylinux_2_17_x86_64.whl.metadata (2.6 kB)
Collecting audioread>=2.1.9 (from librosa)
  Downloading audioread-3.1.0-py3-none-any.whl.metadata (9.0 kB)
Collecting numba>=0.51.0 (from librosa)
  Downloading numba-0.66.0-cp312-cp312-manylinux2014_x86_64.manylinux_2_17_x86_64.whl.metadata (2.7 kB)
Collecting scipy>=1.6.0 (from librosa)
  Downloading scipy-1.18.0-cp312-cp312-manylinux_2_27_x86_64.manylinux_2_28_x86_64.whl.metadata (62 kB)
Collecting scikit-learn>=1.1.0 (from librosa)
  Downloading scikit_learn-1.9.0-cp312-cp312-manylinux_2_27_x86_64.manylinux_2_28_x86_64.whl.metadata (11 kB)
Collecting joblib>=1.0 (from librosa)
  Downloading joblib-1.5.3-py3-none-any.whl.metadata (5.5 kB)
Collecting decorator>=4.3.0 (from librosa)
  Downloading decorator-5.3.1-py3-none-any.whl.metadata (3.9 kB)
Collecting pooch>=1.1 (from librosa)
  Downloading pooch-1.9.0-py3-none-any.whl.metadata (10 kB)
Collecting soxr>=0.3.2 (from librosa)
  Downloading soxr-1.1.0-cp312-abi3-manylinux_2_27_x86_64.manylinux_2_28_x86_64.whl.metadata (5.8 kB)
Collecting lazy_loader>=0.1 (from librosa)
  Downloading lazy_loader-0.5-py3-none-any.whl.metadata (5.9 kB)
Collecting msgpack>=1.0 (from librosa)
  Downloading msgpack-1.2.1-cp312-cp312-manylinux2014_x86_64.manylinux_2_17_x86_64.manylinux_2_28_x86_64.whl.metadata (8.3 kB)
Collecting pycparser (from cffi>=1.0->soundfile)
  Downloading pycparser-3.0-py3-none-any.whl.metadata (8.2 kB)
Collecting llvmlite<0.49,>=0.48.0dev0 (from numba>=0.51.0->librosa)
  Downloading llvmlite-0.48.0-cp312-cp312-manylinux2014_x86_64.manylinux_2_17_x86_64.whl.metadata (5.0 kB)
Collecting numpy>=1.17 (from transformers>=4.58)
  Downloading numpy-2.4.6-cp312-cp312-manylinux_2_27_x86_64.manylinux_2_28_x86_64.whl.metadata (6.6 kB)
Collecting platformdirs>=2.5.0 (from pooch>=1.1->librosa)
  Downloading platformdirs-4.10.0-py3-none-any.whl.metadata (5.5 kB)
Collecting requests>=2.19.0 (from pooch>=1.1->librosa)
  Downloading requests-2.34.2-py3-none-any.whl.metadata (4.8 kB)
Collecting charset_normalizer<4,>=2 (from requests>=2.19.0->pooch>=1.1->librosa)
  Downloading charset_normalizer-3.4.7-cp312-cp312-manylinux2014_x86_64.manylinux_2_17_x86_64.manylinux_2_28_x86_64.whl.metadata (40 kB)
Collecting urllib3<3,>=1.26 (from requests>=2.19.0->pooch>=1.1->librosa)
  Downloading urllib3-2.7.0-py3-none-any.whl.metadata (6.9 kB)
Collecting narwhals>=2.0.1 (from scikit-learn>=1.1.0->librosa)
  Downloading narwhals-2.23.0-py3-none-any.whl.metadata (15 kB)
Collecting threadpoolctl>=3.5.0 (from scikit-learn>=1.1.0->librosa)
  Downloading threadpoolctl-3.6.0-py3-none-any.whl.metadata (13 kB)
Requirement already satisfied: networkx in ./conda_envs/af3_env/lib/python3.12/site-packages (from torch>=2.0.0->accelerate) (3.6.1)
Requirement already satisfied: jinja2 in ./conda_envs/af3_env/lib/python3.12/site-packages (from torch>=2.0.0->accelerate) (3.1.6)
Requirement already satisfied: nvidia-cuda-nvrtc-cu12==12.4.127 in ./conda_envs/af3_env/lib/python3.12/site-packages (from torch>=2.0.0->accelerate) (12.4.127)
Requirement already satisfied: nvidia-cuda-runtime-cu12==12.4.127 in ./conda_envs/af3_env/lib/python3.12/site-packages (from torch>=2.0.0->accelerate) (12.4.127)
Requirement already satisfied: nvidia-cuda-cupti-cu12==12.4.127 in ./conda_envs/af3_env/lib/python3.12/site-packages (from torch>=2.0.0->accelerate) (12.4.127)
Requirement already satisfied: nvidia-cudnn-cu12==9.1.0.70 in ./conda_envs/af3_env/lib/python3.12/site-packages (from torch>=2.0.0->accelerate) (9.1.0.70)
Requirement already satisfied: nvidia-cublas-cu12==12.4.5.8 in ./conda_envs/af3_env/lib/python3.12/site-packages (from torch>=2.0.0->accelerate) (12.4.5.8)
Requirement already satisfied: nvidia-cufft-cu12==11.2.1.3 in ./conda_envs/af3_env/lib/python3.12/site-packages (from torch>=2.0.0->accelerate) (11.2.1.3)
Requirement already satisfied: nvidia-curand-cu12==10.3.5.147 in ./conda_envs/af3_env/lib/python3.12/site-packages (from torch>=2.0.0->accelerate) (10.3.5.147)
Requirement already satisfied: nvidia-cusolver-cu12==11.6.1.9 in ./conda_envs/af3_env/lib/python3.12/site-packages (from torch>=2.0.0->accelerate) (11.6.1.9)
Requirement already satisfied: nvidia-cusparse-cu12==12.3.1.170 in ./conda_envs/af3_env/lib/python3.12/site-packages (from torch>=2.0.0->accelerate) (12.3.1.170)
Requirement already satisfied: nvidia-cusparselt-cu12==0.6.2 in ./conda_envs/af3_env/lib/python3.12/site-packages (from torch>=2.0.0->accelerate) (0.6.2)
Requirement already satisfied: nvidia-nccl-cu12==2.21.5 in ./conda_envs/af3_env/lib/python3.12/site-packages (from torch>=2.0.0->accelerate) (2.21.5)
Requirement already satisfied: nvidia-nvtx-cu12==12.4.127 in ./conda_envs/af3_env/lib/python3.12/site-packages (from torch>=2.0.0->accelerate) (12.4.127)
Requirement already satisfied: nvidia-nvjitlink-cu12==12.4.127 in ./conda_envs/af3_env/lib/python3.12/site-packages (from torch>=2.0.0->accelerate) (12.4.127)
Requirement already satisfied: triton==3.2.0 in ./conda_envs/af3_env/lib/python3.12/site-packages (from torch>=2.0.0->accelerate) (3.2.0)
Requirement already satisfied: setuptools in ./conda_envs/af3_env/lib/python3.12/site-packages (from torch>=2.0.0->accelerate) (70.2.0)
Requirement already satisfied: sympy==1.13.1 in ./conda_envs/af3_env/lib/python3.12/site-packages (from torch>=2.0.0->accelerate) (1.13.1)
Requirement already satisfied: mpmath<1.4,>=1.1.0 in ./conda_envs/af3_env/lib/python3.12/site-packages (from sympy==1.13.1->torch>=2.0.0->accelerate) (1.3.0)
Requirement already satisfied: MarkupSafe>=2.0 in ./conda_envs/af3_env/lib/python3.12/site-packages (from jinja2->torch>=2.0.0->accelerate) (3.0.3)
Collecting shellingham>=1.3.0 (from typer->transformers>=4.58)
  Downloading shellingham-1.5.4-py2.py3-none-any.whl.metadata (3.5 kB)
Collecting rich>=13.8.0 (from typer->transformers>=4.58)
  Downloading rich-15.0.0-py3-none-any.whl.metadata (18 kB)
Collecting annotated-doc>=0.0.2 (from typer->transformers>=4.58)
  Downloading annotated_doc-0.0.4-py3-none-any.whl.metadata (6.6 kB)
Collecting markdown-it-py>=2.2.0 (from rich>=13.8.0->typer->transformers>=4.58)
  Downloading markdown_it_py-4.2.0-py3-none-any.whl.metadata (7.4 kB)
Collecting pygments<3.0.0,>=2.13.0 (from rich>=13.8.0->typer->transformers>=4.58)
  Downloading pygments-2.20.0-py3-none-any.whl.metadata (2.5 kB)
Collecting mdurl~=0.1 (from markdown-it-py>=2.2.0->rich>=13.8.0->typer->transformers>=4.58)
  Downloading mdurl-0.1.2-py3-none-any.whl.metadata (1.6 kB)
Downloading transformers-5.13.0-py3-none-any.whl (11.5 MB)
   ━━━━━━━━━━━━━━━━━━━━━━━━━━━━━━━━━━━━━━━━ 11.5/11.5 MB 96.6 MB/s  0:00:00
Downloading huggingface_hub-1.22.0-py3-none-any.whl (765 kB)
   ━━━━━━━━━━━━━━━━━━━━━━━━━━━━━━━━━━━━━━━━ 765.1/765.1 kB 25.7 MB/s  0:00:00
Downloading click-8.4.2-py3-none-any.whl (119 kB)
Downloading hf_xet-1.5.1-cp37-abi3-manylinux2014_x86_64.manylinux_2_17_x86_64.whl (4.5 MB)
   ━━━━━━━━━━━━━━━━━━━━━━━━━━━━━━━━━━━━━━━━ 4.5/4.5 MB 53.1 MB/s  0:00:00
Downloading httpx-0.28.1-py3-none-any.whl (73 kB)
Downloading httpcore-1.0.9-py3-none-any.whl (78 kB)
Downloading tokenizers-0.22.2-cp39-abi3-manylinux_2_17_x86_64.manylinux2014_x86_64.whl (3.3 MB)
   ━━━━━━━━━━━━━━━━━━━━━━━━━━━━━━━━━━━━━━━━ 3.3/3.3 MB 76.7 MB/s  0:00:00
Downloading accelerate-1.14.0-py3-none-any.whl (389 kB)
Downloading soundfile-0.14.0-py2.py3-none-manylinux_2_28_x86_64.whl (1.3 MB)
   ━━━━━━━━━━━━━━━━━━━━━━━━━━━━━━━━━━━━━━━━ 1.3/1.3 MB 42.1 MB/s  0:00:00
Downloading librosa-0.11.0-py3-none-any.whl (260 kB)
Downloading audioread-3.1.0-py3-none-any.whl (23 kB)
Downloading cffi-2.0.0-cp312-cp312-manylinux2014_x86_64.manylinux_2_17_x86_64.whl (219 kB)
Downloading decorator-5.3.1-py3-none-any.whl (10 kB)
Downloading h11-0.16.0-py3-none-any.whl (37 kB)
Downloading joblib-1.5.3-py3-none-any.whl (309 kB)
Downloading lazy_loader-0.5-py3-none-any.whl (8.0 kB)
Downloading msgpack-1.2.1-cp312-cp312-manylinux2014_x86_64.manylinux_2_17_x86_64.manylinux_2_28_x86_64.whl (419 kB)
Downloading numba-0.66.0-cp312-cp312-manylinux2014_x86_64.manylinux_2_17_x86_64.whl (3.9 MB)
   ━━━━━━━━━━━━━━━━━━━━━━━━━━━━━━━━━━━━━━━━ 3.9/3.9 MB 52.4 MB/s  0:00:00
Downloading llvmlite-0.48.0-cp312-cp312-manylinux2014_x86_64.manylinux_2_17_x86_64.whl (59.9 MB)
   ━━━━━━━━━━━━━━━━━━━━━━━━━━━━━━━━━━━━━━━━ 59.9/59.9 MB 144.0 MB/s  0:00:00
Downloading numpy-2.4.6-cp312-cp312-manylinux_2_27_x86_64.manylinux_2_28_x86_64.whl (16.6 MB)
   ━━━━━━━━━━━━━━━━━━━━━━━━━━━━━━━━━━━━━━━━ 16.6/16.6 MB 100.9 MB/s  0:00:00
Downloading packaging-26.2-py3-none-any.whl (100 kB)
Downloading pooch-1.9.0-py3-none-any.whl (67 kB)
Downloading platformdirs-4.10.0-py3-none-any.whl (22 kB)
Downloading pyyaml-6.0.3-cp312-cp312-manylinux2014_x86_64.manylinux_2_17_x86_64.manylinux_2_28_x86_64.whl (807 kB)
   ━━━━━━━━━━━━━━━━━━━━━━━━━━━━━━━━━━━━━━━━ 807.9/807.9 kB 32.5 MB/s  0:00:00
Downloading regex-2026.6.28-cp312-cp312-manylinux2014_x86_64.manylinux_2_17_x86_64.manylinux_2_28_x86_64.whl (801 kB)
   ━━━━━━━━━━━━━━━━━━━━━━━━━━━━━━━━━━━━━━━━ 801.3/801.3 kB 41.1 MB/s  0:00:00
Downloading requests-2.34.2-py3-none-any.whl (73 kB)
Downloading charset_normalizer-3.4.7-cp312-cp312-manylinux2014_x86_64.manylinux_2_17_x86_64.manylinux_2_28_x86_64.whl (216 kB)
Downloading idna-3.18-py3-none-any.whl (65 kB)
Downloading urllib3-2.7.0-py3-none-any.whl (131 kB)
Downloading certifi-2026.6.17-py3-none-any.whl (133 kB)
Downloading safetensors-0.8.0-cp310-abi3-manylinux_2_17_x86_64.manylinux2014_x86_64.whl (516 kB)
Downloading scikit_learn-1.9.0-cp312-cp312-manylinux_2_27_x86_64.manylinux_2_28_x86_64.whl (9.1 MB)
   ━━━━━━━━━━━━━━━━━━━━━━━━━━━━━━━━━━━━━━━━ 9.1/9.1 MB 118.5 MB/s  0:00:00
Downloading narwhals-2.23.0-py3-none-any.whl (458 kB)
Downloading scipy-1.18.0-cp312-cp312-manylinux_2_27_x86_64.manylinux_2_28_x86_64.whl (35.3 MB)
   ━━━━━━━━━━━━━━━━━━━━━━━━━━━━━━━━━━━━━━━━ 35.3/35.3 MB 155.5 MB/s  0:00:00
Downloading soxr-1.1.0-cp312-abi3-manylinux_2_27_x86_64.manylinux_2_28_x86_64.whl (240 kB)
Downloading threadpoolctl-3.6.0-py3-none-any.whl (18 kB)
Downloading tqdm-4.68.3-py3-none-any.whl (78 kB)
Downloading anyio-4.14.1-py3-none-any.whl (124 kB)
Downloading psutil-7.2.2-cp36-abi3-manylinux2010_x86_64.manylinux_2_12_x86_64.manylinux_2_28_x86_64.whl (155 kB)
Downloading pycparser-3.0-py3-none-any.whl (48 kB)
Downloading typer-0.26.8-py3-none-any.whl (122 kB)
Downloading annotated_doc-0.0.4-py3-none-any.whl (5.3 kB)
Downloading rich-15.0.0-py3-none-any.whl (310 kB)
Downloading pygments-2.20.0-py3-none-any.whl (1.2 MB)
   ━━━━━━━━━━━━━━━━━━━━━━━━━━━━━━━━━━━━━━━━ 1.2/1.2 MB 41.7 MB/s  0:00:00
Downloading markdown_it_py-4.2.0-py3-none-any.whl (91 kB)
Downloading mdurl-0.1.2-py3-none-any.whl (10.0 kB)
Downloading shellingham-1.5.4-py2.py3-none-any.whl (9.8 kB)
Installing collected packages: urllib3, tqdm, threadpoolctl, shellingham, safetensors, regex, pyyaml, pygments, pycparser, psutil, platformdirs, packaging, numpy, narwhals, msgpack, mdurl, llvmlite, joblib, idna, hf-xet, h11, decorator, click, charset_normalizer, certifi, audioread, annotated-doc, soxr, scipy, requests, numba, markdown-it-py, lazy_loader, httpcore, cffi, anyio, soundfile, scikit-learn, rich, pooch, httpx, typer, librosa, huggingface-hub, tokenizers, accelerate, transformers

Successfully installed accelerate-1.14.0 annotated-doc-0.0.4 anyio-4.14.1 audioread-3.1.0 certifi-2026.6.17 cffi-2.0.0 charset_normalizer-3.4.7 click-8.4.2 decorator-5.3.1 h11-0.16.0 hf-xet-1.5.1 httpcore-1.0.9 httpx-0.28.1 huggingface-hub-1.22.0 idna-3.18 joblib-1.5.3 lazy_loader-0.5 librosa-0.11.0 llvmlite-0.48.0 markdown-it-py-4.2.0 mdurl-0.1.2 msgpack-1.2.1 narwhals-2.23.0 numba-0.66.0 numpy-2.4.6 packaging-26.2 platformdirs-4.10.0 pooch-1.9.0 psutil-7.2.2 pycparser-3.0 pygments-2.20.0 pyyaml-6.0.3 regex-2026.6.28 requests-2.34.2 rich-15.0.0 safetensors-0.8.0 scikit-learn-1.9.0 scipy-1.18.0 shellingham-1.5.4 soundfile-0.14.0 soxr-1.1.0 threadpoolctl-3.6.0 tokenizers-0.22.2 tqdm-4.68.3 transformers-5.13.0 typer-0.26.8 urllib3-2.7.0
AF3_ENV_SETUP_DONE
